<?xml version="1.0" encoding="UTF-8"?>
<robot generator="Robot 3.0.4 (Python 3.7.4 on win32)" generated="20200521 11:08:47.801">
<suite id="s1" name="TC01-Login success test &amp; TC15-Test For Patient Make An Appointment">
<suite id="s1-s1" name="TC01-Login success test" source="C:\Jenkins\workspace\mark_1\Project\TC01-Login success test.robot">
<test id="s1-s1-t1" name="Login success test">
<kw name="Run Keywords" library="BuiltIn" type="setup">
<doc>Executes all the given keywords in a sequence.</doc>
<arguments>
<arg>Open Browser</arg>
<arg>http://localhost:4200/</arg>
<arg>chrome</arg>
<arg>AND</arg>
<arg>Maximize Browser Window</arg>
</arguments>
<kw name="Open Browser" library="SeleniumLibrary">
<doc>Opens a new browser instance to the given ``url``.</doc>
<arguments>
<arg>http://localhost:4200/</arg>
<arg>chrome</arg>
</arguments>
<msg timestamp="20200521 11:08:48.004" level="INFO">Opening browser 'chrome' to base url 'http://localhost:4200/'.</msg>
<status status="PASS" starttime="20200521 11:08:48.004" endtime="20200521 11:08:52.633"></status>
</kw>
<kw name="Maximize Browser Window" library="SeleniumLibrary">
<doc>Maximizes current browser window.</doc>
<status status="PASS" starttime="20200521 11:08:52.633" endtime="20200521 11:08:53.758"></status>
</kw>
<status status="PASS" starttime="20200521 11:08:48.004" endtime="20200521 11:08:53.758"></status>
</kw>
<kw name="Login To The Page" library="Keyword">
<arguments>
<arg>userName=&amp;{adminAccount}[userName]</arg>
<arg>password=&amp;{adminAccount}[password]</arg>
</arguments>
<kw name="Input Text" library="SeleniumLibrary">
<doc>Types the given ``text`` into text field identified by ``locator``.</doc>
<arguments>
<arg>id=float-inputUser</arg>
<arg>${userName}</arg>
</arguments>
<msg timestamp="20200521 11:08:53.759" level="INFO">Typing text 'admin' into text field 'id=float-inputUser'.</msg>
<status status="PASS" starttime="20200521 11:08:53.759" endtime="20200521 11:08:53.878"></status>
</kw>
<kw name="Sleep" library="BuiltIn">
<doc>Pauses the test executed for the given time.</doc>
<arguments>
<arg>1</arg>
</arguments>
<msg timestamp="20200521 11:08:54.879" level="INFO">Slept 1 second</msg>
<status status="PASS" starttime="20200521 11:08:53.878" endtime="20200521 11:08:54.879"></status>
</kw>
<kw name="Run Keyword If" library="BuiltIn">
<doc>Runs the given keyword with the given arguments, if ``condition`` is true.</doc>
<arguments>
<arg>'${password}'!='${EMPTY}'</arg>
<arg>Input Text</arg>
<arg>id=float-inputPass</arg>
<arg>${password}</arg>
</arguments>
<kw name="Input Text" library="SeleniumLibrary">
<doc>Types the given ``text`` into text field identified by ``locator``.</doc>
<arguments>
<arg>id=float-inputPass</arg>
<arg>${password}</arg>
</arguments>
<msg timestamp="20200521 11:08:54.880" level="INFO">Typing text 'admin' into text field 'id=float-inputPass'.</msg>
<status status="PASS" starttime="20200521 11:08:54.879" endtime="20200521 11:08:54.974"></status>
</kw>
<status status="PASS" starttime="20200521 11:08:54.879" endtime="20200521 11:08:54.974"></status>
</kw>
<kw name="Click Button After It Is Visible" library="Keyword">
<arguments>
<arg>//button[normalize-space()='Login']</arg>
</arguments>
<kw name="Wait Until Element Is Visible On Page" library="Keyword">
<arguments>
<arg>${xpath}</arg>
<arg>${shortPeriodOfTime}</arg>
<arg>error=Login successfully should be shown.</arg>
</arguments>
<kw name="Wait Until Page Contains Element" library="SeleniumLibrary">
<doc>Waits until element ``locator`` appears on current page.</doc>
<arguments>
<arg>${xpath}</arg>
<arg>${timeout}</arg>
<arg>${error}</arg>
</arguments>
<status status="PASS" starttime="20200521 11:08:54.975" endtime="20200521 11:08:54.987"></status>
</kw>
<kw name="Wait Until Element Is Visible" library="SeleniumLibrary">
<doc>Waits until element ``locator`` is visible.</doc>
<arguments>
<arg>${xpath}</arg>
<arg>${timeout}</arg>
<arg>${error}</arg>
</arguments>
<status status="PASS" starttime="20200521 11:08:54.988" endtime="20200521 11:08:55.012"></status>
</kw>
<status status="PASS" starttime="20200521 11:08:54.975" endtime="20200521 11:08:55.012"></status>
</kw>
<kw name="Click Button" library="SeleniumLibrary">
<doc>Clicks button identified by ``locator``.</doc>
<arguments>
<arg>${xpath}</arg>
</arguments>
<msg timestamp="20200521 11:08:55.012" level="INFO">Clicking button '//button[normalize-space()='Login']'.</msg>
<status status="PASS" starttime="20200521 11:08:55.012" endtime="20200521 11:08:55.123"></status>
</kw>
<kw name="Sleep" library="BuiltIn">
<doc>Pauses the test executed for the given time.</doc>
<arguments>
<arg>1</arg>
</arguments>
<msg timestamp="20200521 11:08:56.125" level="INFO">Slept 1 second</msg>
<status status="PASS" starttime="20200521 11:08:55.124" endtime="20200521 11:08:56.125"></status>
</kw>
<status status="PASS" starttime="20200521 11:08:54.974" endtime="20200521 11:08:56.125"></status>
</kw>
<kw name="Sleep" library="BuiltIn">
<doc>Pauses the test executed for the given time.</doc>
<arguments>
<arg>1</arg>
</arguments>
<msg timestamp="20200521 11:08:57.127" level="INFO">Slept 1 second</msg>
<status status="PASS" starttime="20200521 11:08:56.125" endtime="20200521 11:08:57.127"></status>
</kw>
<status status="PASS" starttime="20200521 11:08:53.759" endtime="20200521 11:08:57.128"></status>
</kw>
<kw name="Set Throughput" library="PythonTestLibrary">
<arguments>
<arg>1000</arg>
<arg>81200</arg>
<arg>81200</arg>
</arguments>
<msg timestamp="20200521 11:08:57.152" level="INFO">modify this</msg>
<status status="PASS" starttime="20200521 11:08:57.129" endtime="20200521 11:08:57.152"></status>
</kw>
<kw name="Success Should be Visible" library="Keyword">
<arguments>
<arg>Login successfully</arg>
</arguments>
<kw name="Wait Until Page Contains Element" library="SeleniumLibrary">
<doc>Waits until element ``locator`` appears on current page.</doc>
<arguments>
<arg>//*[@class='ui-toast-summary' and normalize-space()='${message}']</arg>
<arg>${shortPeriodOfTime}</arg>
<arg>error=Login successfully should be shown.</arg>
</arguments>
<status status="PASS" starttime="20200521 11:08:57.155" endtime="20200521 11:08:57.187"></status>
</kw>
<kw name="Wait Until Element Is Visible" library="SeleniumLibrary">
<doc>Waits until element ``locator`` is visible.</doc>
<arguments>
<arg>//*[@class='ui-toast-summary' and normalize-space()='${message}']</arg>
<arg>${shortPeriodOfTime}</arg>
<arg>error=Login successfully should be shown.</arg>
</arguments>
<status status="PASS" starttime="20200521 11:08:57.187" endtime="20200521 11:08:57.230"></status>
</kw>
<kw name="Sleep" library="BuiltIn">
<doc>Pauses the test executed for the given time.</doc>
<arguments>
<arg>1</arg>
</arguments>
<msg timestamp="20200521 11:08:58.233" level="INFO">Slept 1 second</msg>
<status status="PASS" starttime="20200521 11:08:57.232" endtime="20200521 11:08:58.233"></status>
</kw>
<status status="PASS" starttime="20200521 11:08:57.154" endtime="20200521 11:08:58.234"></status>
</kw>
<kw name="Close Browser" library="SeleniumLibrary" type="teardown">
<doc>Closes the current browser.</doc>
<status status="PASS" starttime="20200521 11:08:58.236" endtime="20200521 11:09:00.431"></status>
</kw>
<status status="PASS" starttime="20200521 11:08:47.995" endtime="20200521 11:09:00.432" critical="yes"></status>
</test>
<status status="PASS" starttime="20200521 11:08:47.840" endtime="20200521 11:09:00.436"></status>
</suite>
<suite id="s1-s2" name="TC15-Test For Patient Make An Appointment" source="C:\Jenkins\workspace\mark_1\Project\TC15-Test For Patient Make An Appointment.robot">
<test id="s1-s2-t1" name="Test For Patient Make An Appointment">
<kw name="Run Keywords" library="BuiltIn" type="setup">
<doc>Executes all the given keywords in a sequence.</doc>
<arguments>
<arg>Open Browser</arg>
<arg>http://localhost:4200/</arg>
<arg>chrome</arg>
<arg>AND</arg>
<arg>Maximize Browser Window</arg>
</arguments>
<kw name="Open Browser" library="SeleniumLibrary">
<doc>Opens a new browser instance to the given ``url``.</doc>
<arguments>
<arg>http://localhost:4200/</arg>
<arg>chrome</arg>
</arguments>
<msg timestamp="20200521 11:09:00.475" level="INFO">Opening browser 'chrome' to base url 'http://localhost:4200/'.</msg>
<status status="PASS" starttime="20200521 11:09:00.475" endtime="20200521 11:09:05.051"></status>
</kw>
<kw name="Maximize Browser Window" library="SeleniumLibrary">
<doc>Maximizes current browser window.</doc>
<status status="PASS" starttime="20200521 11:09:05.052" endtime="20200521 11:09:06.172"></status>
</kw>
<status status="PASS" starttime="20200521 11:09:00.474" endtime="20200521 11:09:06.172"></status>
</kw>
<kw name="Login To The Page" library="Keyword">
<arguments>
<arg>userName=&amp;{patientAccount}[userName]</arg>
<arg>password=&amp;{patientAccount}[password]</arg>
</arguments>
<kw name="Input Text" library="SeleniumLibrary">
<doc>Types the given ``text`` into text field identified by ``locator``.</doc>
<arguments>
<arg>id=float-inputUser</arg>
<arg>${userName}</arg>
</arguments>
<msg timestamp="20200521 11:09:06.174" level="INFO">Typing text 'F129642702' into text field 'id=float-inputUser'.</msg>
<status status="PASS" starttime="20200521 11:09:06.174" endtime="20200521 11:09:06.334"></status>
</kw>
<kw name="Sleep" library="BuiltIn">
<doc>Pauses the test executed for the given time.</doc>
<arguments>
<arg>1</arg>
</arguments>
<msg timestamp="20200521 11:09:07.336" level="INFO">Slept 1 second</msg>
<status status="PASS" starttime="20200521 11:09:06.334" endtime="20200521 11:09:07.336"></status>
</kw>
<kw name="Run Keyword If" library="BuiltIn">
<doc>Runs the given keyword with the given arguments, if ``condition`` is true.</doc>
<arguments>
<arg>'${password}'!='${EMPTY}'</arg>
<arg>Input Text</arg>
<arg>id=float-inputPass</arg>
<arg>${password}</arg>
</arguments>
<kw name="Input Text" library="SeleniumLibrary">
<doc>Types the given ``text`` into text field identified by ``locator``.</doc>
<arguments>
<arg>id=float-inputPass</arg>
<arg>${password}</arg>
</arguments>
<msg timestamp="20200521 11:09:07.337" level="INFO">Typing text '1224' into text field 'id=float-inputPass'.</msg>
<status status="PASS" starttime="20200521 11:09:07.337" endtime="20200521 11:09:07.437"></status>
</kw>
<status status="PASS" starttime="20200521 11:09:07.336" endtime="20200521 11:09:07.437"></status>
</kw>
<kw name="Click Button After It Is Visible" library="Keyword">
<arguments>
<arg>//button[normalize-space()='Login']</arg>
</arguments>
<kw name="Wait Until Element Is Visible On Page" library="Keyword">
<arguments>
<arg>${xpath}</arg>
<arg>${shortPeriodOfTime}</arg>
<arg>error=Login successfully should be shown.</arg>
</arguments>
<kw name="Wait Until Page Contains Element" library="SeleniumLibrary">
<doc>Waits until element ``locator`` appears on current page.</doc>
<arguments>
<arg>${xpath}</arg>
<arg>${timeout}</arg>
<arg>${error}</arg>
</arguments>
<status status="PASS" starttime="20200521 11:09:07.438" endtime="20200521 11:09:07.450"></status>
</kw>
<kw name="Wait Until Element Is Visible" library="SeleniumLibrary">
<doc>Waits until element ``locator`` is visible.</doc>
<arguments>
<arg>${xpath}</arg>
<arg>${timeout}</arg>
<arg>${error}</arg>
</arguments>
<status status="PASS" starttime="20200521 11:09:07.450" endtime="20200521 11:09:07.474"></status>
</kw>
<status status="PASS" starttime="20200521 11:09:07.438" endtime="20200521 11:09:07.474"></status>
</kw>
<kw name="Click Button" library="SeleniumLibrary">
<doc>Clicks button identified by ``locator``.</doc>
<arguments>
<arg>${xpath}</arg>
</arguments>
<msg timestamp="20200521 11:09:07.475" level="INFO">Clicking button '//button[normalize-space()='Login']'.</msg>
<status status="PASS" starttime="20200521 11:09:07.474" endtime="20200521 11:09:07.583"></status>
</kw>
<kw name="Sleep" library="BuiltIn">
<doc>Pauses the test executed for the given time.</doc>
<arguments>
<arg>1</arg>
</arguments>
<msg timestamp="20200521 11:09:08.583" level="INFO">Slept 1 second</msg>
<status status="PASS" starttime="20200521 11:09:07.583" endtime="20200521 11:09:08.583"></status>
</kw>
<status status="PASS" starttime="20200521 11:09:07.438" endtime="20200521 11:09:08.583"></status>
</kw>
<kw name="Sleep" library="BuiltIn">
<doc>Pauses the test executed for the given time.</doc>
<arguments>
<arg>1</arg>
</arguments>
<msg timestamp="20200521 11:09:09.584" level="INFO">Slept 1 second</msg>
<status status="PASS" starttime="20200521 11:09:08.583" endtime="20200521 11:09:09.585"></status>
</kw>
<status status="PASS" starttime="20200521 11:09:06.173" endtime="20200521 11:09:09.585"></status>
</kw>
<kw name="Success Should be Visible" library="Keyword">
<arguments>
<arg>Login successfully</arg>
</arguments>
<kw name="Wait Until Page Contains Element" library="SeleniumLibrary">
<doc>Waits until element ``locator`` appears on current page.</doc>
<arguments>
<arg>//*[@class='ui-toast-summary' and normalize-space()='${message}']</arg>
<arg>${shortPeriodOfTime}</arg>
<arg>error=Login successfully should be shown.</arg>
</arguments>
<status status="PASS" starttime="20200521 11:09:09.588" endtime="20200521 11:09:09.612"></status>
</kw>
<kw name="Wait Until Element Is Visible" library="SeleniumLibrary">
<doc>Waits until element ``locator`` is visible.</doc>
<arguments>
<arg>//*[@class='ui-toast-summary' and normalize-space()='${message}']</arg>
<arg>${shortPeriodOfTime}</arg>
<arg>error=Login successfully should be shown.</arg>
</arguments>
<status status="PASS" starttime="20200521 11:09:09.612" endtime="20200521 11:09:09.659"></status>
</kw>
<kw name="Sleep" library="BuiltIn">
<doc>Pauses the test executed for the given time.</doc>
<arguments>
<arg>1</arg>
</arguments>
<msg timestamp="20200521 11:09:10.662" level="INFO">Slept 1 second</msg>
<status status="PASS" starttime="20200521 11:09:09.659" endtime="20200521 11:09:10.662"></status>
</kw>
<status status="PASS" starttime="20200521 11:09:09.587" endtime="20200521 11:09:10.663"></status>
</kw>
<kw name="Click Tab" library="Keyword">
<arguments>
<arg>Online Service</arg>
<arg>Appointment</arg>
</arguments>
<kw name="Mouse Over" library="SeleniumLibrary">
<doc>Simulates hovering mouse over the element ``locator``.</doc>
<arguments>
<arg>//*[@class='ui-menuitem-link ui-corner-all ng-star-inserted']//*[normalize-space()='FHIR']</arg>
</arguments>
<msg timestamp="20200521 11:09:10.666" level="INFO">Simulating Mouse Over on element '//*[@class='ui-menuitem-link ui-corner-all ng-star-inserted']//*[normalize-space()='FHIR']'.</msg>
<status status="PASS" starttime="20200521 11:09:10.666" endtime="20200521 11:09:10.986"></status>
</kw>
<kw name="Sleep" library="BuiltIn">
<doc>Pauses the test executed for the given time.</doc>
<arguments>
<arg>1</arg>
</arguments>
<msg timestamp="20200521 11:09:11.988" level="INFO">Slept 1 second</msg>
<status status="PASS" starttime="20200521 11:09:10.986" endtime="20200521 11:09:11.988"></status>
</kw>
<kw name="Run Keyword If" library="BuiltIn">
<doc>Runs the given keyword with the given arguments, if ``condition`` is true.</doc>
<arguments>
<arg>'${subTabName}' != '${EMPTY}'</arg>
<arg>Run Keywords</arg>
<arg>Mouse Over</arg>
<arg>//*[@class='ui-menuitem-link ui-corner-all ng-star-inserted']//*[normalize-space()='${tabName}']</arg>
<arg>AND</arg>
<arg>Click Element After It Is Visible</arg>
<arg>//*[@class='ui-menuitem-link ui-corner-all ng-star-inserted']//*[normalize-space()='${subTabName}']</arg>
<arg>AND</arg>
<arg>Wait Until Element Is Visible On Page</arg>
<arg>//*[contains(@class,'ng-star-inserted')]//div[normalize-space()='${subTabName}']</arg>
<arg>${shortPeriodOfTime}</arg>
<arg>error=should be visible.</arg>
<arg>ELSE</arg>
<arg>Click Element After It Is Visible</arg>
<arg>//*[@class='ui-menuitem-link ui-corner-all ng-star-inserted']//*[normalize-space()='${tabName}']</arg>
</arguments>
<kw name="Run Keywords" library="BuiltIn">
<doc>Executes all the given keywords in a sequence.</doc>
<arguments>
<arg>Mouse Over</arg>
<arg>//*[@class='ui-menuitem-link ui-corner-all ng-star-inserted']//*[normalize-space()='${tabName}']</arg>
<arg>AND</arg>
<arg>Click Element After It Is Visible</arg>
<arg>//*[@class='ui-menuitem-link ui-corner-all ng-star-inserted']//*[normalize-space()='${subTabName}']</arg>
<arg>AND</arg>
<arg>Wait Until Element Is Visible On Page</arg>
<arg>//*[contains(@class,'ng-star-inserted')]//div[normalize-space()='${subTabName}']</arg>
<arg>${shortPeriodOfTime}</arg>
<arg>error=should be visible.</arg>
</arguments>
<kw name="Mouse Over" library="SeleniumLibrary">
<doc>Simulates hovering mouse over the element ``locator``.</doc>
<arguments>
<arg>//*[@class='ui-menuitem-link ui-corner-all ng-star-inserted']//*[normalize-space()='${tabName}']</arg>
</arguments>
<msg timestamp="20200521 11:09:11.992" level="INFO">Simulating Mouse Over on element '//*[@class='ui-menuitem-link ui-corner-all ng-star-inserted']//*[normalize-space()='Online Service']'.</msg>
<status status="PASS" starttime="20200521 11:09:11.991" endtime="20200521 11:09:12.300"></status>
</kw>
<kw name="Click Element After It Is Visible" library="Keyword">
<arguments>
<arg>//*[@class='ui-menuitem-link ui-corner-all ng-star-inserted']//*[normalize-space()='${subTabName}']</arg>
</arguments>
<kw name="Wait Until Element Is Visible On Page" library="Keyword">
<arguments>
<arg>${xpath}</arg>
<arg>${shortPeriodOfTime}</arg>
<arg>error=Element is not visible.</arg>
</arguments>
<kw name="Wait Until Page Contains Element" library="SeleniumLibrary">
<doc>Waits until element ``locator`` appears on current page.</doc>
<arguments>
<arg>${xpath}</arg>
<arg>${timeout}</arg>
<arg>${error}</arg>
</arguments>
<status status="PASS" starttime="20200521 11:09:12.304" endtime="20200521 11:09:12.328"></status>
</kw>
<kw name="Wait Until Element Is Visible" library="SeleniumLibrary">
<doc>Waits until element ``locator`` is visible.</doc>
<arguments>
<arg>${xpath}</arg>
<arg>${timeout}</arg>
<arg>${error}</arg>
</arguments>
<status status="PASS" starttime="20200521 11:09:12.328" endtime="20200521 11:09:12.355"></status>
</kw>
<status status="PASS" starttime="20200521 11:09:12.302" endtime="20200521 11:09:12.356"></status>
</kw>
<kw name="Click Element" library="SeleniumLibrary">
<doc>Click element identified by ``locator``.</doc>
<arguments>
<arg>${xpath}</arg>
</arguments>
<msg timestamp="20200521 11:09:12.356" level="INFO">Clicking element '//*[@class='ui-menuitem-link ui-corner-all ng-star-inserted']//*[normalize-space()='Appointment']'.</msg>
<status status="PASS" starttime="20200521 11:09:12.356" endtime="20200521 11:09:12.452"></status>
</kw>
<kw name="Sleep" library="BuiltIn">
<doc>Pauses the test executed for the given time.</doc>
<arguments>
<arg>1</arg>
</arguments>
<msg timestamp="20200521 11:09:13.454" level="INFO">Slept 1 second</msg>
<status status="PASS" starttime="20200521 11:09:12.453" endtime="20200521 11:09:13.454"></status>
</kw>
<status status="PASS" starttime="20200521 11:09:12.301" endtime="20200521 11:09:13.454"></status>
</kw>
<kw name="Wait Until Element Is Visible On Page" library="Keyword">
<arguments>
<arg>//*[contains(@class,'ng-star-inserted')]//div[normalize-space()='${subTabName}']</arg>
<arg>${shortPeriodOfTime}</arg>
<arg>error=should be visible.</arg>
</arguments>
<kw name="Wait Until Page Contains Element" library="SeleniumLibrary">
<doc>Waits until element ``locator`` appears on current page.</doc>
<arguments>
<arg>${xpath}</arg>
<arg>${timeout}</arg>
<arg>${error}</arg>
</arguments>
<status status="PASS" starttime="20200521 11:09:13.455" endtime="20200521 11:09:13.466"></status>
</kw>
<kw name="Wait Until Element Is Visible" library="SeleniumLibrary">
<doc>Waits until element ``locator`` is visible.</doc>
<arguments>
<arg>${xpath}</arg>
<arg>${timeout}</arg>
<arg>${error}</arg>
</arguments>
<status status="PASS" starttime="20200521 11:09:13.466" endtime="20200521 11:09:13.487"></status>
</kw>
<status status="PASS" starttime="20200521 11:09:13.454" endtime="20200521 11:09:13.487"></status>
</kw>
<status status="PASS" starttime="20200521 11:09:11.990" endtime="20200521 11:09:13.487"></status>
</kw>
<status status="PASS" starttime="20200521 11:09:11.989" endtime="20200521 11:09:13.487"></status>
</kw>
<status status="PASS" starttime="20200521 11:09:10.664" endtime="20200521 11:09:13.487"></status>
</kw>
<kw name="Set Throughput" library="PythonTestLibrary">
<arguments>
<arg>1000</arg>
<arg>81200</arg>
<arg>81200</arg>
</arguments>
<msg timestamp="20200521 11:09:13.497" level="INFO">modify this</msg>
<status status="PASS" starttime="20200521 11:09:13.488" endtime="20200521 11:09:13.497"></status>
</kw>
<kw name="Click Element After It Is Visible" library="Keyword">
<arguments>
<arg>//button[normalize-space()='Make an appointment']</arg>
</arguments>
<kw name="Wait Until Element Is Visible On Page" library="Keyword">
<arguments>
<arg>${xpath}</arg>
<arg>${shortPeriodOfTime}</arg>
<arg>error=Element is not visible.</arg>
</arguments>
<kw name="Wait Until Page Contains Element" library="SeleniumLibrary">
<doc>Waits until element ``locator`` appears on current page.</doc>
<arguments>
<arg>${xpath}</arg>
<arg>${timeout}</arg>
<arg>${error}</arg>
</arguments>
<status status="PASS" starttime="20200521 11:09:13.499" endtime="20200521 11:09:13.518"></status>
</kw>
<kw name="Wait Until Element Is Visible" library="SeleniumLibrary">
<doc>Waits until element ``locator`` is visible.</doc>
<arguments>
<arg>${xpath}</arg>
<arg>${timeout}</arg>
<arg>${error}</arg>
</arguments>
<status status="PASS" starttime="20200521 11:09:13.518" endtime="20200521 11:09:13.551"></status>
</kw>
<status status="PASS" starttime="20200521 11:09:13.498" endtime="20200521 11:09:13.551"></status>
</kw>
<kw name="Click Element" library="SeleniumLibrary">
<doc>Click element identified by ``locator``.</doc>
<arguments>
<arg>${xpath}</arg>
</arguments>
<msg timestamp="20200521 11:09:13.552" level="INFO">Clicking element '//button[normalize-space()='Make an appointment']'.</msg>
<status status="PASS" starttime="20200521 11:09:13.552" endtime="20200521 11:09:13.635"></status>
</kw>
<kw name="Sleep" library="BuiltIn">
<doc>Pauses the test executed for the given time.</doc>
<arguments>
<arg>1</arg>
</arguments>
<msg timestamp="20200521 11:09:14.637" level="INFO">Slept 1 second</msg>
<status status="PASS" starttime="20200521 11:09:13.636" endtime="20200521 11:09:14.637"></status>
</kw>
<status status="PASS" starttime="20200521 11:09:13.498" endtime="20200521 11:09:14.638"></status>
</kw>
<kw name="Wait Until Element Is Visible On Page" library="Keyword">
<arguments>
<arg>//div[normalize-space()='Appointment Detail']</arg>
<arg>${shortPeriodOfTime}</arg>
<arg>error=Appointment Detail should be visible.</arg>
</arguments>
<kw name="Wait Until Page Contains Element" library="SeleniumLibrary">
<doc>Waits until element ``locator`` appears on current page.</doc>
<arguments>
<arg>${xpath}</arg>
<arg>${timeout}</arg>
<arg>${error}</arg>
</arguments>
<status status="PASS" starttime="20200521 11:09:14.639" endtime="20200521 11:09:14.669"></status>
</kw>
<kw name="Wait Until Element Is Visible" library="SeleniumLibrary">
<doc>Waits until element ``locator`` is visible.</doc>
<arguments>
<arg>${xpath}</arg>
<arg>${timeout}</arg>
<arg>${error}</arg>
</arguments>
<status status="PASS" starttime="20200521 11:09:14.669" endtime="20200521 11:09:14.720"></status>
</kw>
<status status="PASS" starttime="20200521 11:09:14.638" endtime="20200521 11:09:14.720"></status>
</kw>
<kw name="Set Appointment Info" library="appointmentKeyword">
<kw name="Select Dropdown By Name" library="Keyword">
<arguments>
<arg>Subject</arg>
<arg>Division of Chest</arg>
</arguments>
<kw name="Create Dictionary" library="BuiltIn">
<doc>Creates and returns a dictionary based on the given ``items``.</doc>
<arguments>
<arg>DeviceName=device</arg>
<arg>Quantity=quantity</arg>
<arg>Subject=Select subject</arg>
<arg>Doctor=Select doctor</arg>
<arg>Time=Select time</arg>
<arg>Gender=gender</arg>
<arg>Role=Patient</arg>
<arg>Condition=condition</arg>
<arg>Medications=medication</arg>
</arguments>
<assign>
<var>&amp;{newFieldNames}</var>
</assign>
<msg timestamp="20200521 11:09:14.725" level="INFO">&amp;{newFieldNames} = { DeviceName=device | Quantity=quantity | Subject=Select subject | Doctor=Select doctor | Time=Select time | Gender=gender | Role=Patient | Condition=condition | Medications=medication }</msg>
<status status="PASS" starttime="20200521 11:09:14.723" endtime="20200521 11:09:14.725"></status>
</kw>
<kw name="Run Keyword If" library="BuiltIn">
<doc>Runs the given keyword with the given arguments, if ``condition`` is true.</doc>
<arguments>
<arg>'${default}'=='${EMPTY}'</arg>
<arg>Click Element After It Is Visible</arg>
<arg>//div[normalize-space()='${fieldName}']//./following-sibling::*//div[contains(normalize-space(),'&amp;{newFieldNames}[${fieldName}]')]</arg>
<arg>ELSE</arg>
<arg>Click Element After It Is Visible</arg>
<arg>//div[normalize-space()='${fieldName}']//./following-sibling::*//div[contains(normalize-space(),'${default}')]</arg>
</arguments>
<kw name="Click Element After It Is Visible" library="Keyword">
<arguments>
<arg>//div[normalize-space()='${fieldName}']//./following-sibling::*//div[contains(normalize-space(),'&amp;{newFieldNames}[${fieldName}]')]</arg>
</arguments>
<kw name="Wait Until Element Is Visible On Page" library="Keyword">
<arguments>
<arg>${xpath}</arg>
<arg>${shortPeriodOfTime}</arg>
<arg>error=Element is not visible.</arg>
</arguments>
<kw name="Wait Until Page Contains Element" library="SeleniumLibrary">
<doc>Waits until element ``locator`` appears on current page.</doc>
<arguments>
<arg>${xpath}</arg>
<arg>${timeout}</arg>
<arg>${error}</arg>
</arguments>
<status status="PASS" starttime="20200521 11:09:14.729" endtime="20200521 11:09:14.758"></status>
</kw>
<kw name="Wait Until Element Is Visible" library="SeleniumLibrary">
<doc>Waits until element ``locator`` is visible.</doc>
<arguments>
<arg>${xpath}</arg>
<arg>${timeout}</arg>
<arg>${error}</arg>
</arguments>
<status status="PASS" starttime="20200521 11:09:14.758" endtime="20200521 11:09:14.810"></status>
</kw>
<status status="PASS" starttime="20200521 11:09:14.728" endtime="20200521 11:09:14.810"></status>
</kw>
<kw name="Click Element" library="SeleniumLibrary">
<doc>Click element identified by ``locator``.</doc>
<arguments>
<arg>${xpath}</arg>
</arguments>
<msg timestamp="20200521 11:09:14.811" level="INFO">Clicking element '//div[normalize-space()='Subject']//./following-sibling::*//div[contains(normalize-space(),'Select subject')]'.</msg>
<status status="PASS" starttime="20200521 11:09:14.810" endtime="20200521 11:09:14.911"></status>
</kw>
<kw name="Sleep" library="BuiltIn">
<doc>Pauses the test executed for the given time.</doc>
<arguments>
<arg>1</arg>
</arguments>
<msg timestamp="20200521 11:09:15.912" level="INFO">Slept 1 second</msg>
<status status="PASS" starttime="20200521 11:09:14.911" endtime="20200521 11:09:15.912"></status>
</kw>
<status status="PASS" starttime="20200521 11:09:14.727" endtime="20200521 11:09:15.912"></status>
</kw>
<status status="PASS" starttime="20200521 11:09:14.725" endtime="20200521 11:09:15.912"></status>
</kw>
<kw name="Wait Until Element Is Visible On Page" library="Keyword">
<arguments>
<arg>//*[contains(@class, 'ui-dropdown-items ui-dropdown-list')]</arg>
<arg>timeout=${shortPeriodOfTime}</arg>
<arg>error=`${dropdownName}` select dropdown should be visible.</arg>
</arguments>
<kw name="Wait Until Page Contains Element" library="SeleniumLibrary">
<doc>Waits until element ``locator`` appears on current page.</doc>
<arguments>
<arg>${xpath}</arg>
<arg>${timeout}</arg>
<arg>${error}</arg>
</arguments>
<status status="PASS" starttime="20200521 11:09:15.913" endtime="20200521 11:09:15.949"></status>
</kw>
<kw name="Wait Until Element Is Visible" library="SeleniumLibrary">
<doc>Waits until element ``locator`` is visible.</doc>
<arguments>
<arg>${xpath}</arg>
<arg>${timeout}</arg>
<arg>${error}</arg>
</arguments>
<status status="PASS" starttime="20200521 11:09:15.949" endtime="20200521 11:09:15.981"></status>
</kw>
<status status="PASS" starttime="20200521 11:09:15.913" endtime="20200521 11:09:15.981"></status>
</kw>
<kw name="Click Element After It Is Visible" library="Keyword">
<arguments>
<arg>//*[contains(@class,'ng-star-inserted')]//li[normalize-space()='${dropdownName}']</arg>
</arguments>
<kw name="Wait Until Element Is Visible On Page" library="Keyword">
<arguments>
<arg>${xpath}</arg>
<arg>${shortPeriodOfTime}</arg>
<arg>error=Element is not visible.</arg>
</arguments>
<kw name="Wait Until Page Contains Element" library="SeleniumLibrary">
<doc>Waits until element ``locator`` appears on current page.</doc>
<arguments>
<arg>${xpath}</arg>
<arg>${timeout}</arg>
<arg>${error}</arg>
</arguments>
<status status="PASS" starttime="20200521 11:09:15.982" endtime="20200521 11:09:15.994"></status>
</kw>
<kw name="Wait Until Element Is Visible" library="SeleniumLibrary">
<doc>Waits until element ``locator`` is visible.</doc>
<arguments>
<arg>${xpath}</arg>
<arg>${timeout}</arg>
<arg>${error}</arg>
</arguments>
<status status="PASS" starttime="20200521 11:09:15.995" endtime="20200521 11:09:16.017"></status>
</kw>
<status status="PASS" starttime="20200521 11:09:15.981" endtime="20200521 11:09:16.017"></status>
</kw>
<kw name="Click Element" library="SeleniumLibrary">
<doc>Click element identified by ``locator``.</doc>
<arguments>
<arg>${xpath}</arg>
</arguments>
<msg timestamp="20200521 11:09:16.018" level="INFO">Clicking element '//*[contains(@class,'ng-star-inserted')]//li[normalize-space()='Division of Chest']'.</msg>
<status status="PASS" starttime="20200521 11:09:16.017" endtime="20200521 11:09:16.074"></status>
</kw>
<kw name="Sleep" library="BuiltIn">
<doc>Pauses the test executed for the given time.</doc>
<arguments>
<arg>1</arg>
</arguments>
<msg timestamp="20200521 11:09:17.075" level="INFO">Slept 1 second</msg>
<status status="PASS" starttime="20200521 11:09:16.074" endtime="20200521 11:09:17.075"></status>
</kw>
<status status="PASS" starttime="20200521 11:09:15.981" endtime="20200521 11:09:17.075"></status>
</kw>
<kw name="Wait Until Element Is Visible On Page" library="Keyword">
<arguments>
<arg>//*[contains(@class,'ui-dropdown-label') and normalize-space()='${dropdownName}']</arg>
<arg>timeout=${shortPeriodOfTime}</arg>
<arg>error=`${dropdownName}` dropdown should be selected.</arg>
</arguments>
<kw name="Wait Until Page Contains Element" library="SeleniumLibrary">
<doc>Waits until element ``locator`` appears on current page.</doc>
<arguments>
<arg>${xpath}</arg>
<arg>${timeout}</arg>
<arg>${error}</arg>
</arguments>
<status status="PASS" starttime="20200521 11:09:17.076" endtime="20200521 11:09:17.094"></status>
</kw>
<kw name="Wait Until Element Is Visible" library="SeleniumLibrary">
<doc>Waits until element ``locator`` is visible.</doc>
<arguments>
<arg>${xpath}</arg>
<arg>${timeout}</arg>
<arg>${error}</arg>
</arguments>
<status status="PASS" starttime="20200521 11:09:17.094" endtime="20200521 11:09:17.117"></status>
</kw>
<status status="PASS" starttime="20200521 11:09:17.075" endtime="20200521 11:09:17.117"></status>
</kw>
<status status="PASS" starttime="20200521 11:09:14.722" endtime="20200521 11:09:17.118"></status>
</kw>
<kw name="Select Dropdown By Name" library="Keyword">
<arguments>
<arg>Doctor</arg>
<arg>Chucky</arg>
</arguments>
<kw name="Create Dictionary" library="BuiltIn">
<doc>Creates and returns a dictionary based on the given ``items``.</doc>
<arguments>
<arg>DeviceName=device</arg>
<arg>Quantity=quantity</arg>
<arg>Subject=Select subject</arg>
<arg>Doctor=Select doctor</arg>
<arg>Time=Select time</arg>
<arg>Gender=gender</arg>
<arg>Role=Patient</arg>
<arg>Condition=condition</arg>
<arg>Medications=medication</arg>
</arguments>
<assign>
<var>&amp;{newFieldNames}</var>
</assign>
<msg timestamp="20200521 11:09:17.118" level="INFO">&amp;{newFieldNames} = { DeviceName=device | Quantity=quantity | Subject=Select subject | Doctor=Select doctor | Time=Select time | Gender=gender | Role=Patient | Condition=condition | Medications=medication }</msg>
<status status="PASS" starttime="20200521 11:09:17.118" endtime="20200521 11:09:17.118"></status>
</kw>
<kw name="Run Keyword If" library="BuiltIn">
<doc>Runs the given keyword with the given arguments, if ``condition`` is true.</doc>
<arguments>
<arg>'${default}'=='${EMPTY}'</arg>
<arg>Click Element After It Is Visible</arg>
<arg>//div[normalize-space()='${fieldName}']//./following-sibling::*//div[contains(normalize-space(),'&amp;{newFieldNames}[${fieldName}]')]</arg>
<arg>ELSE</arg>
<arg>Click Element After It Is Visible</arg>
<arg>//div[normalize-space()='${fieldName}']//./following-sibling::*//div[contains(normalize-space(),'${default}')]</arg>
</arguments>
<kw name="Click Element After It Is Visible" library="Keyword">
<arguments>
<arg>//div[normalize-space()='${fieldName}']//./following-sibling::*//div[contains(normalize-space(),'&amp;{newFieldNames}[${fieldName}]')]</arg>
</arguments>
<kw name="Wait Until Element Is Visible On Page" library="Keyword">
<arguments>
<arg>${xpath}</arg>
<arg>${shortPeriodOfTime}</arg>
<arg>error=Element is not visible.</arg>
</arguments>
<kw name="Wait Until Page Contains Element" library="SeleniumLibrary">
<doc>Waits until element ``locator`` appears on current page.</doc>
<arguments>
<arg>${xpath}</arg>
<arg>${timeout}</arg>
<arg>${error}</arg>
</arguments>
<status status="PASS" starttime="20200521 11:09:17.120" endtime="20200521 11:09:17.130"></status>
</kw>
<kw name="Wait Until Element Is Visible" library="SeleniumLibrary">
<doc>Waits until element ``locator`` is visible.</doc>
<arguments>
<arg>${xpath}</arg>
<arg>${timeout}</arg>
<arg>${error}</arg>
</arguments>
<status status="PASS" starttime="20200521 11:09:17.130" endtime="20200521 11:09:17.150"></status>
</kw>
<status status="PASS" starttime="20200521 11:09:17.119" endtime="20200521 11:09:17.151"></status>
</kw>
<kw name="Click Element" library="SeleniumLibrary">
<doc>Click element identified by ``locator``.</doc>
<arguments>
<arg>${xpath}</arg>
</arguments>
<msg timestamp="20200521 11:09:17.151" level="INFO">Clicking element '//div[normalize-space()='Doctor']//./following-sibling::*//div[contains(normalize-space(),'Select doctor')]'.</msg>
<status status="PASS" starttime="20200521 11:09:17.151" endtime="20200521 11:09:17.206"></status>
</kw>
<kw name="Sleep" library="BuiltIn">
<doc>Pauses the test executed for the given time.</doc>
<arguments>
<arg>1</arg>
</arguments>
<msg timestamp="20200521 11:09:18.208" level="INFO">Slept 1 second</msg>
<status status="PASS" starttime="20200521 11:09:17.206" endtime="20200521 11:09:18.208"></status>
</kw>
<status status="PASS" starttime="20200521 11:09:17.119" endtime="20200521 11:09:18.208"></status>
</kw>
<status status="PASS" starttime="20200521 11:09:17.119" endtime="20200521 11:09:18.208"></status>
</kw>
<kw name="Wait Until Element Is Visible On Page" library="Keyword">
<arguments>
<arg>//*[contains(@class, 'ui-dropdown-items ui-dropdown-list')]</arg>
<arg>timeout=${shortPeriodOfTime}</arg>
<arg>error=`${dropdownName}` select dropdown should be visible.</arg>
</arguments>
<kw name="Wait Until Page Contains Element" library="SeleniumLibrary">
<doc>Waits until element ``locator`` appears on current page.</doc>
<arguments>
<arg>${xpath}</arg>
<arg>${timeout}</arg>
<arg>${error}</arg>
</arguments>
<status status="PASS" starttime="20200521 11:09:18.210" endtime="20200521 11:09:18.225"></status>
</kw>
<kw name="Wait Until Element Is Visible" library="SeleniumLibrary">
<doc>Waits until element ``locator`` is visible.</doc>
<arguments>
<arg>${xpath}</arg>
<arg>${timeout}</arg>
<arg>${error}</arg>
</arguments>
<status status="PASS" starttime="20200521 11:09:18.226" endtime="20200521 11:09:18.264"></status>
</kw>
<status status="PASS" starttime="20200521 11:09:18.209" endtime="20200521 11:09:18.264"></status>
</kw>
<kw name="Click Element After It Is Visible" library="Keyword">
<arguments>
<arg>//*[contains(@class,'ng-star-inserted')]//li[normalize-space()='${dropdownName}']</arg>
</arguments>
<kw name="Wait Until Element Is Visible On Page" library="Keyword">
<arguments>
<arg>${xpath}</arg>
<arg>${shortPeriodOfTime}</arg>
<arg>error=Element is not visible.</arg>
</arguments>
<kw name="Wait Until Page Contains Element" library="SeleniumLibrary">
<doc>Waits until element ``locator`` appears on current page.</doc>
<arguments>
<arg>${xpath}</arg>
<arg>${timeout}</arg>
<arg>${error}</arg>
</arguments>
<status status="PASS" starttime="20200521 11:09:18.265" endtime="20200521 11:09:18.279"></status>
</kw>
<kw name="Wait Until Element Is Visible" library="SeleniumLibrary">
<doc>Waits until element ``locator`` is visible.</doc>
<arguments>
<arg>${xpath}</arg>
<arg>${timeout}</arg>
<arg>${error}</arg>
</arguments>
<status status="PASS" starttime="20200521 11:09:18.279" endtime="20200521 11:09:18.302"></status>
</kw>
<status status="PASS" starttime="20200521 11:09:18.264" endtime="20200521 11:09:18.302"></status>
</kw>
<kw name="Click Element" library="SeleniumLibrary">
<doc>Click element identified by ``locator``.</doc>
<arguments>
<arg>${xpath}</arg>
</arguments>
<msg timestamp="20200521 11:09:18.302" level="INFO">Clicking element '//*[contains(@class,'ng-star-inserted')]//li[normalize-space()='Chucky']'.</msg>
<status status="PASS" starttime="20200521 11:09:18.302" endtime="20200521 11:09:18.352"></status>
</kw>
<kw name="Sleep" library="BuiltIn">
<doc>Pauses the test executed for the given time.</doc>
<arguments>
<arg>1</arg>
</arguments>
<msg timestamp="20200521 11:09:19.353" level="INFO">Slept 1 second</msg>
<status status="PASS" starttime="20200521 11:09:18.352" endtime="20200521 11:09:19.353"></status>
</kw>
<status status="PASS" starttime="20200521 11:09:18.264" endtime="20200521 11:09:19.353"></status>
</kw>
<kw name="Wait Until Element Is Visible On Page" library="Keyword">
<arguments>
<arg>//*[contains(@class,'ui-dropdown-label') and normalize-space()='${dropdownName}']</arg>
<arg>timeout=${shortPeriodOfTime}</arg>
<arg>error=`${dropdownName}` dropdown should be selected.</arg>
</arguments>
<kw name="Wait Until Page Contains Element" library="SeleniumLibrary">
<doc>Waits until element ``locator`` appears on current page.</doc>
<arguments>
<arg>${xpath}</arg>
<arg>${timeout}</arg>
<arg>${error}</arg>
</arguments>
<status status="PASS" starttime="20200521 11:09:19.355" endtime="20200521 11:09:19.386"></status>
</kw>
<kw name="Wait Until Element Is Visible" library="SeleniumLibrary">
<doc>Waits until element ``locator`` is visible.</doc>
<arguments>
<arg>${xpath}</arg>
<arg>${timeout}</arg>
<arg>${error}</arg>
</arguments>
<status status="PASS" starttime="20200521 11:09:19.386" endtime="20200521 11:09:19.424"></status>
</kw>
<status status="PASS" starttime="20200521 11:09:19.354" endtime="20200521 11:09:19.424"></status>
</kw>
<status status="PASS" starttime="20200521 11:09:17.118" endtime="20200521 11:09:19.424"></status>
</kw>
<kw name="Select Calender day" library="Keyword">
<arguments>
<arg>Date</arg>
<arg>19</arg>
</arguments>
<kw name="Click Element After It Is Visible" library="Keyword">
<arguments>
<arg>//div[normalize-space()='${fieldname}']//./following-sibling::*//p-calendar</arg>
</arguments>
<kw name="Wait Until Element Is Visible On Page" library="Keyword">
<arguments>
<arg>${xpath}</arg>
<arg>${shortPeriodOfTime}</arg>
<arg>error=Element is not visible.</arg>
</arguments>
<kw name="Wait Until Page Contains Element" library="SeleniumLibrary">
<doc>Waits until element ``locator`` appears on current page.</doc>
<arguments>
<arg>${xpath}</arg>
<arg>${timeout}</arg>
<arg>${error}</arg>
</arguments>
<status status="PASS" starttime="20200521 11:09:19.426" endtime="20200521 11:09:19.438"></status>
</kw>
<kw name="Wait Until Element Is Visible" library="SeleniumLibrary">
<doc>Waits until element ``locator`` is visible.</doc>
<arguments>
<arg>${xpath}</arg>
<arg>${timeout}</arg>
<arg>${error}</arg>
</arguments>
<status status="PASS" starttime="20200521 11:09:19.438" endtime="20200521 11:09:19.460"></status>
</kw>
<status status="PASS" starttime="20200521 11:09:19.425" endtime="20200521 11:09:19.460"></status>
</kw>
<kw name="Click Element" library="SeleniumLibrary">
<doc>Click element identified by ``locator``.</doc>
<arguments>
<arg>${xpath}</arg>
</arguments>
<msg timestamp="20200521 11:09:19.461" level="INFO">Clicking element '//div[normalize-space()='Date']//./following-sibling::*//p-calendar'.</msg>
<status status="PASS" starttime="20200521 11:09:19.461" endtime="20200521 11:09:19.553"></status>
</kw>
<kw name="Sleep" library="BuiltIn">
<doc>Pauses the test executed for the given time.</doc>
<arguments>
<arg>1</arg>
</arguments>
<msg timestamp="20200521 11:09:20.555" level="INFO">Slept 1 second</msg>
<status status="PASS" starttime="20200521 11:09:19.553" endtime="20200521 11:09:20.555"></status>
</kw>
<status status="PASS" starttime="20200521 11:09:19.425" endtime="20200521 11:09:20.555"></status>
</kw>
<kw name="Click Element After It Is Visible" library="Keyword">
<arguments>
<arg>//td[contains(@class,'ng-star-inserted') and normalize-space()='${day}']</arg>
</arguments>
<kw name="Wait Until Element Is Visible On Page" library="Keyword">
<arguments>
<arg>${xpath}</arg>
<arg>${shortPeriodOfTime}</arg>
<arg>error=Element is not visible.</arg>
</arguments>
<kw name="Wait Until Page Contains Element" library="SeleniumLibrary">
<doc>Waits until element ``locator`` appears on current page.</doc>
<arguments>
<arg>${xpath}</arg>
<arg>${timeout}</arg>
<arg>${error}</arg>
</arguments>
<status status="PASS" starttime="20200521 11:09:20.556" endtime="20200521 11:09:20.583"></status>
</kw>
<kw name="Wait Until Element Is Visible" library="SeleniumLibrary">
<doc>Waits until element ``locator`` is visible.</doc>
<arguments>
<arg>${xpath}</arg>
<arg>${timeout}</arg>
<arg>${error}</arg>
</arguments>
<status status="PASS" starttime="20200521 11:09:20.583" endtime="20200521 11:09:20.647"></status>
</kw>
<status status="PASS" starttime="20200521 11:09:20.556" endtime="20200521 11:09:20.647"></status>
</kw>
<kw name="Click Element" library="SeleniumLibrary">
<doc>Click element identified by ``locator``.</doc>
<arguments>
<arg>${xpath}</arg>
</arguments>
<msg timestamp="20200521 11:09:20.648" level="INFO">Clicking element '//td[contains(@class,'ng-star-inserted') and normalize-space()='19']'.</msg>
<status status="PASS" starttime="20200521 11:09:20.648" endtime="20200521 11:09:20.709"></status>
</kw>
<kw name="Sleep" library="BuiltIn">
<doc>Pauses the test executed for the given time.</doc>
<arguments>
<arg>1</arg>
</arguments>
<msg timestamp="20200521 11:09:21.710" level="INFO">Slept 1 second</msg>
<status status="PASS" starttime="20200521 11:09:20.709" endtime="20200521 11:09:21.710"></status>
</kw>
<status status="PASS" starttime="20200521 11:09:20.555" endtime="20200521 11:09:21.710"></status>
</kw>
<status status="PASS" starttime="20200521 11:09:19.424" endtime="20200521 11:09:21.710"></status>
</kw>
<kw name="Select Dropdown By Name" library="Keyword">
<arguments>
<arg>Time</arg>
<arg>Afternoon diagnosis(14:00~17:00)</arg>
</arguments>
<kw name="Create Dictionary" library="BuiltIn">
<doc>Creates and returns a dictionary based on the given ``items``.</doc>
<arguments>
<arg>DeviceName=device</arg>
<arg>Quantity=quantity</arg>
<arg>Subject=Select subject</arg>
<arg>Doctor=Select doctor</arg>
<arg>Time=Select time</arg>
<arg>Gender=gender</arg>
<arg>Role=Patient</arg>
<arg>Condition=condition</arg>
<arg>Medications=medication</arg>
</arguments>
<assign>
<var>&amp;{newFieldNames}</var>
</assign>
<msg timestamp="20200521 11:09:21.713" level="INFO">&amp;{newFieldNames} = { DeviceName=device | Quantity=quantity | Subject=Select subject | Doctor=Select doctor | Time=Select time | Gender=gender | Role=Patient | Condition=condition | Medications=medication }</msg>
<status status="PASS" starttime="20200521 11:09:21.712" endtime="20200521 11:09:21.713"></status>
</kw>
<kw name="Run Keyword If" library="BuiltIn">
<doc>Runs the given keyword with the given arguments, if ``condition`` is true.</doc>
<arguments>
<arg>'${default}'=='${EMPTY}'</arg>
<arg>Click Element After It Is Visible</arg>
<arg>//div[normalize-space()='${fieldName}']//./following-sibling::*//div[contains(normalize-space(),'&amp;{newFieldNames}[${fieldName}]')]</arg>
<arg>ELSE</arg>
<arg>Click Element After It Is Visible</arg>
<arg>//div[normalize-space()='${fieldName}']//./following-sibling::*//div[contains(normalize-space(),'${default}')]</arg>
</arguments>
<kw name="Click Element After It Is Visible" library="Keyword">
<arguments>
<arg>//div[normalize-space()='${fieldName}']//./following-sibling::*//div[contains(normalize-space(),'&amp;{newFieldNames}[${fieldName}]')]</arg>
</arguments>
<kw name="Wait Until Element Is Visible On Page" library="Keyword">
<arguments>
<arg>${xpath}</arg>
<arg>${shortPeriodOfTime}</arg>
<arg>error=Element is not visible.</arg>
</arguments>
<kw name="Wait Until Page Contains Element" library="SeleniumLibrary">
<doc>Waits until element ``locator`` appears on current page.</doc>
<arguments>
<arg>${xpath}</arg>
<arg>${timeout}</arg>
<arg>${error}</arg>
</arguments>
<status status="PASS" starttime="20200521 11:09:21.716" endtime="20200521 11:09:21.739"></status>
</kw>
<kw name="Wait Until Element Is Visible" library="SeleniumLibrary">
<doc>Waits until element ``locator`` is visible.</doc>
<arguments>
<arg>${xpath}</arg>
<arg>${timeout}</arg>
<arg>${error}</arg>
</arguments>
<status status="PASS" starttime="20200521 11:09:21.739" endtime="20200521 11:09:21.778"></status>
</kw>
<status status="PASS" starttime="20200521 11:09:21.715" endtime="20200521 11:09:21.778"></status>
</kw>
<kw name="Click Element" library="SeleniumLibrary">
<doc>Click element identified by ``locator``.</doc>
<arguments>
<arg>${xpath}</arg>
</arguments>
<msg timestamp="20200521 11:09:21.779" level="INFO">Clicking element '//div[normalize-space()='Time']//./following-sibling::*//div[contains(normalize-space(),'Select time')]'.</msg>
<status status="PASS" starttime="20200521 11:09:21.778" endtime="20200521 11:09:21.853"></status>
</kw>
<kw name="Sleep" library="BuiltIn">
<doc>Pauses the test executed for the given time.</doc>
<arguments>
<arg>1</arg>
</arguments>
<msg timestamp="20200521 11:09:22.854" level="INFO">Slept 1 second</msg>
<status status="PASS" starttime="20200521 11:09:21.853" endtime="20200521 11:09:22.854"></status>
</kw>
<status status="PASS" starttime="20200521 11:09:21.714" endtime="20200521 11:09:22.854"></status>
</kw>
<status status="PASS" starttime="20200521 11:09:21.713" endtime="20200521 11:09:22.854"></status>
</kw>
<kw name="Wait Until Element Is Visible On Page" library="Keyword">
<arguments>
<arg>//*[contains(@class, 'ui-dropdown-items ui-dropdown-list')]</arg>
<arg>timeout=${shortPeriodOfTime}</arg>
<arg>error=`${dropdownName}` select dropdown should be visible.</arg>
</arguments>
<kw name="Wait Until Page Contains Element" library="SeleniumLibrary">
<doc>Waits until element ``locator`` appears on current page.</doc>
<arguments>
<arg>${xpath}</arg>
<arg>${timeout}</arg>
<arg>${error}</arg>
</arguments>
<kw name="Capture Page Screenshot" library="SeleniumLibrary">
<doc>Takes screenshot of the current page and embeds it into log file.</doc>
<msg timestamp="20200521 11:09:26.390" level="INFO" html="yes">&lt;/td&gt;&lt;/tr&gt;&lt;tr&gt;&lt;td colspan="3"&gt;&lt;a href="selenium-screenshot-11.png"&gt;&lt;img src="selenium-screenshot-11.png" width="800px"&gt;&lt;/a&gt;</msg>
<status status="PASS" starttime="20200521 11:09:25.899" endtime="20200521 11:09:26.390"></status>
</kw>
<msg timestamp="20200521 11:09:26.392" level="FAIL">`Afternoon diagnosis(14:00~17:00)` select dropdown should be visible.</msg>
<status status="FAIL" starttime="20200521 11:09:22.854" endtime="20200521 11:09:26.392"></status>
</kw>
<status status="FAIL" starttime="20200521 11:09:22.854" endtime="20200521 11:09:26.392"></status>
</kw>
<status status="FAIL" starttime="20200521 11:09:21.711" endtime="20200521 11:09:26.392"></status>
</kw>
<status status="FAIL" starttime="20200521 11:09:14.722" endtime="20200521 11:09:26.392"></status>
</kw>
<kw name="Close All Browsers" library="SeleniumLibrary" type="teardown">
<doc>Closes all open browsers and resets the browser cache.</doc>
<status status="PASS" starttime="20200521 11:09:26.393" endtime="20200521 11:09:28.540"></status>
</kw>
<status status="FAIL" starttime="20200521 11:09:00.473" endtime="20200521 11:09:28.542" critical="yes">`Afternoon diagnosis(14:00~17:00)` select dropdown should be visible.</status>
</test>
<status status="FAIL" starttime="20200521 11:09:00.442" endtime="20200521 11:09:28.551"></status>
</suite>
<status status="FAIL" starttime="20200521 11:08:47.804" endtime="20200521 11:09:28.571"></status>
</suite>
<statistics>
<total>
<stat pass="1" fail="1">Critical Tests</stat>
<stat pass="1" fail="1">All Tests</stat>
</total>
<tag>
</tag>
<suite>
<stat pass="1" fail="1" id="s1" name="TC01-Login success test &amp; TC15-Test For Patient Make An Appointment">TC01-Login success test &amp; TC15-Test For Patient Make An Appointment</stat>
<stat pass="1" fail="0" id="s1-s1" name="TC01-Login success test">TC01-Login success test &amp; TC15-Test For Patient Make An Appointment.TC01-Login success test</stat>
<stat pass="0" fail="1" id="s1-s2" name="TC15-Test For Patient Make An Appointment">TC01-Login success test &amp; TC15-Test For Patient Make An Appointment.TC15-Test For Patient Make An Appointment</stat>
</suite>
</statistics>
<errors>
</errors>
</robot>
